<?xml version="1.0" encoding="UTF-8"?>
<!-- Generated by org.testng.reporters.JUnitReportReporter -->
<testsuite hostname="DESKTOP-7T8PVEI" failures="0" tests="1" name="indium.Project.LoginTest" time="27.848" errors="0" timestamp="2023-07-05T13:22:08 PDT" skipped="0">
  <testcase classname="indium.Project.LoginTest" name="verifyUserLoginWithCredentials" time="27.848"/>
  <system-out/>
</testsuite> <!-- indium.Project.LoginTest -->
