<?xml version="1.0" encoding="UTF-8"?>
<!-- Generated by org.testng.reporters.JUnitReportReporter -->
<testsuite hostname="DESKTOP-7T8PVEI" failures="0" tests="1" name="indium.Project.NewCustomerButtonTest" time="14.063" errors="0" timestamp="2023-07-05T14:15:56 PDT" skipped="0">
  <testcase classname="indium.Project.NewCustomerButtonTest" name="VerifyUserIsAbleToClickNewCustomerButton" time="14.063"/>
  <system-out/>
</testsuite> <!-- indium.Project.NewCustomerButtonTest -->
